Arguments: 
  C:\Program Files\nodejs\node.exe C:\Users\aher\AppData\Roaming\npm\node_modules\yarn\bin\yarn.js add bootstrap4

PATH: 
  C:\Users\aher\Anaconda3\condabin;C:\Python39\Scripts\;C:\Python39\;C:\Program Files\NVIDIA GPU Computing Toolkit\CUDA\v11.2\bin;C:\Program Files\NVIDIA GPU Computing Toolkit\CUDA\v11.2\libnvvp;C:\WINDOWS\system32;C:\WINDOWS;C:\WINDOWS\System32\Wbem;C:\WINDOWS\System32\WindowsPowerShell\v1.0\;C:\Program Files\Python37;C:\WINDOWS\System32\OpenSSH\;C:\Program Files\dotnet\;C:\Program Files (x86)\python37\Scripts;C:\MinGW\bin;C:\MinGW\mingw32\bin;C:\Program Files\Git\cmd;c:\users\aher\appdata\roaming\python\python37\site-packages;C:\Users\aher\.anaconda\navigator\scripts;C:\Users\aher\Anaconda3\Scripts;C:\Users\aher\AppData\Roaming\Python\Python37\Scripts;C:\Program Files (x86)\Intel\Intel(R) Management Engine Components\DAL;C:\Program Files\Intel\Intel(R) Management Engine Components\DAL;C:\Users\aher\Anaconda3\Scripts\jupyter-notebook-script.py;C:\Program Files\NVIDIA Corporation\Nsight Compute 2020.3.0\;C:\Program;C:\WINDOWS\system32;C:\WINDOWS;C:\WINDOWS\System32\Wbem;C:\WINDOWS\System32\WindowsPowerShell\v1.0\;C:\WINDOWS\System32\OpenSSH\;C:\Program Files\PuTTY\;C:\Program Files\nodejs\;C:\Program Files\MongoDB\Server\6.0\bin;C:\Program Files\NVIDIA GPU Computing Toolkit\CUDA\v11.2\bin\\..\extras\CUPTI\lib64;C:\Users\aher\Anaconda3\condabin;C:\Users\aher\Anaconda3\condabin;C:\Python39\Scripts\;C:\Python39\;C:\Program Files\NVIDIA GPU Computing Toolkit\CUDA\v11.2\bin;C:\Program Files\NVIDIA GPU Computing Toolkit\CUDA\v11.2\libnvvp;C:\WINDOWS\system32;C:\WINDOWS;C:\WINDOWS\System32\Wbem;C:\WINDOWS\System32\WindowsPowerShell\v1.0\;C:\Program Files\Python37;C:\WINDOWS\System32\OpenSSH\;C:\Program Files\dotnet\;C:\Program Files (x86)\python37\Scripts;C:\MinGW\bin;C:\MinGW\mingw32\bin;C:\Program Files\Git\cmd;c:\users\aher\appdata\roaming\python\python37\site-packages;C:\Users\aher\.anaconda\navigator\scripts;C:\Users\aher\Anaconda3\Scripts;C:\Users\aher\AppData\Roaming\Python\Python37\Scripts;C:\Program Files (x86)\Intel\Intel(R) Management Engine Components\DAL;C:\Program Files\Intel\Intel(R) Management Engine Components\DAL;C:\Users\aher\Anaconda3\Scripts\jupyter-notebook-script.py;C:\Program Files\NVIDIA Corporation\Nsight Compute 2;C:\Users\aher\AppData\Roaming\npm;C:\Users\aher\Anaconda3\DLLs;C:\Users\aher\Anaconda3\Library\bin;C:\Program Files\MongoDB\Server\4.0\bin;

Yarn version: 
  1.22.19

Node version: 
  16.15.1

Platform: 
  win32 x64

Trace: 
  Error: getaddrinfo ENOTFOUND registry.yarnpkg.com
      at GetAddrInfoReqWrap.onlookup [as oncomplete] (node:dns:71:26)

npm manifest: 
  {
    "name": "client",
    "version": "0.1.0",
    "private": true,
    "dependencies": {
      "@testing-library/jest-dom": "^5.16.5",
      "@testing-library/react": "^13.4.0",
      "@testing-library/user-event": "^13.5.0",
      "bootstrap4": "^0.0.1-security",
      "react": "^18.2.0",
      "react-dom": "^18.2.0",
      "react-scripts": "5.0.1",
      "web-vitals": "^2.1.4"
    },
    "scripts": {
      "start": "react-scripts start",
      "build": "react-scripts build",
      "test": "react-scripts test",
      "eject": "react-scripts eject"
    },
    "eslintConfig": {
      "extends": [
        "react-app",
        "react-app/jest"
      ]
    },
    "browserslist": {
      "production": [
        ">0.2%",
        "not dead",
        "not op_mini all"
      ],
      "development": [
        "last 1 chrome version",
        "last 1 firefox version",
        "last 1 safari version"
      ]
    }
  }

yarn manifest: 
  No manifest

Lockfile: 
  No lockfile
